<!DOCTYPE html PUBLIC "-//W3C//DTD XHTML 1.0 Transitional//EN" "http://www.w3.org/TR/xhtml1/DTD/xhtml1-transitional.dtd">
<html xmlns="http://www.w3.org/1999/xhtml">

<head>
    <title>Execution Selenium report</title>
    <meta http-equiv="Content-Type" content="text/html; charset=utf-8" />
    <link rel="stylesheet" href="../../../public/stylesheets/knacss.css" media="all" />
    <link rel="icon" type="image/png" href="../../../public/images/logo_squash_favicone.ico" />
    <link rel="shortcut icon" type="image/x-icon" href="../../../public/images/logo_squash_favicone.ico" />
    <script type="text/javascript" src="../../../public/javascripts/dropdown.js" ></script>
</head>

<body class="ml2 mr2 mt1">

    <div id="header" class="row">
        <div class="col w20">
            <img class="left" src="../../../public/images/logo_squash.png" alt="Logo Squash" />
        </div>
        <div class="col-mid txtcenter">
            <h1>Selenium report</h1>
        </div>
    </div>
    
    <div id="content">
        <div id="summary"> 
                
            <div class="info">
                <span>Execution date:&nbsp;</span>06/08/18 17:53:18
                <br/>
            </div>
        
            <table class="w100 striped">
                <thead>
                    <tr class="table-header">
                        <th>Test</th>
                        <th class="w10">Method (s)</th>
                        <th class="w10">Time (ms)</th>
                    </tr>
                </thead>
                
                <tbody>
                    <td>
                            fr.eql.autom.orangehrm.junit.UserManagementTest
                    </td>
                    <td>
                                <a href="#method0">trouverEEE</a>
                    </td>
                    <td>
                        48 931
                    </td>                        
                </tbody>                    
            </table>
            
            <div class="ecosystem"> 
          
                <div class="ecosystem-header">
                    <h2>
                            fr.eql.autom.orangehrm.junit.UserManagementTest
                    </h2>
                </div>
            
                <div class="ecosystem-body">   
            
                
                 


                            <div class="script">  
                                <div class="script-header">
                                    <h3 id="method0">trouverEEE</h3> 
                                </div>
                                 
    <div class="script-content">
        org.openqa.selenium.WebDriverException: Failed to connect to binary FirefoxBinary(C:\Program Files\Mozilla Firefox\firefox.exe) on port 7055; process output follows: 
 Firefox\browser\features\followonsearch@mozilla.com.xpi
1533570754372	addons.xpi	DEBUG	Calling bootstrap method startup on followonsearch@mozilla.com version 0.9.7
1533570754372	addons.xpi	DEBUG	Registering manifest for C:\Program Files\Mozilla Firefox\browser\features\formautofill@mozilla.org.xpi
1533570754373	addons.xpi	DEBUG	Calling bootstrap method startup on formautofill@mozilla.org version 1.0
1533570754373	addons.xpi	DEBUG	Registering manifest for C:\Program Files\Mozilla Firefox\browser\features\onboarding@mozilla.org.xpi
1533570754374	addons.xpi	DEBUG	Calling bootstrap method startup on onboarding@mozilla.org version 1.0
1533570754374	addons.xpi	DEBUG	Registering manifest for C:\Program Files\Mozilla Firefox\browser\features\screenshots@mozilla.org.xpi
1533570754374	addons.xpi	DEBUG	Calling bootstrap method startup on screenshots@mozilla.org version 32.1.0
1533570754375	addons.xpi	DEBUG	Registering manifest for C:\Program Files\Mozilla Firefox\browser\features\webcompat-reporter@mozilla.org.xpi
1533570754375	addons.xpi	DEBUG	Calling bootstrap method startup on webcompat-reporter@mozilla.org version 1.0.0
1533570754375	addons.xpi	DEBUG	Registering manifest for C:\Program Files\Mozilla Firefox\browser\features\webcompat@mozilla.org.xpi
1533570754377	addons.xpi	DEBUG	Calling bootstrap method startup on webcompat@mozilla.org version 2.0
1533570754379	addons.manager	DEBUG	Registering shutdown blocker for XPIProvider
1533570754379	addons.manager	DEBUG	Provider finished startup: XPIProvider
1533570754379	addons.manager	DEBUG	Starting provider: LightweightThemeManager
1533570754379	addons.manager	DEBUG	Registering shutdown blocker for LightweightThemeManager
1533570754379	addons.manager	DEBUG	Provider finished startup: LightweightThemeManager
1533570754380	addons.manager	DEBUG	Starting provider: GMPProvider
1533570754382	addons.manager	DEBUG	Registering shutdown blocker for GMPProvider
1533570754383	addons.manager	DEBUG	Provider finished startup: GMPProvider
1533570754383	addons.manager	DEBUG	Starting provider: PluginProvider
1533570754383	addons.manager	DEBUG	Registering shutdown blocker for PluginProvider
1533570754383	addons.manager	DEBUG	Provider finished startup: PluginProvider
1533570754385	addons.manager	DEBUG	Completed startup sequence
Unable to read VR Path Registry from C:\Users\formation\AppData\Local\openvr\openvrpaths.vrpath
Unable to read VR Path Registry from C:\Users\formation\AppData\Local\openvr\openvrpaths.vrpath
1533570755765	addons.repository	DEBUG	No addons.json found.
Unable to read VR Path Registry from C:\Users\formation\AppData\Local\openvr\openvrpaths.vrpath
Unable to read VR Path Registry from C:\Users\formation\AppData\Local\openvr\openvrpaths.vrpath
Unable to read VR Path Registry from C:\Users\formation\AppData\Local\openvr\openvrpaths.vrpath
1533570756993	addons.xpi	DEBUG	Ignoring file entry whose name is not a valid add-on ID: C:\Users\formation\AppData\Local\Temp\anonymous211447671083864096webdriver-profile\extensions\webdriver-staging
1533570756994	addons.xpi	DEBUG	Existing add-on activity-stream@mozilla.org in app-system-defaults
1533570756994	addons.xpi	DEBUG	Existing add-on aushelper@mozilla.org in app-system-defaults
1533570756995	addons.xpi	DEBUG	Existing add-on firefox@getpocket.com in app-system-defaults
1533570756995	addons.xpi	DEBUG	Existing add-on followonsearch@mozilla.com in app-system-defaults
1533570756995	addons.xpi	DEBUG	Existing add-on formautofill@mozilla.org in app-system-defaults
1533570756995	addons.xpi	DEBUG	Existing add-on onboarding@mozilla.org in app-system-defaults
1533570756996	addons.xpi	DEBUG	Existing add-on screenshots@mozilla.org in app-system-defaults
1533570756996	addons.xpi	DEBUG	Existing add-on webcompat-reporter@mozilla.org in app-system-defaults
1533570756996	addons.xpi	DEBUG	Existing add-on webcompat@mozilla.org in app-system-defaults
1533570756997	addons.xpi	DEBUG	getInstallState changed: false, state: {}
JavaScript error: resource://gre/modules/addons/XPIProvider.jsm, line 2189: TypeError: addon is null

Build info: version: '2.48.2', revision: '41bccdd10cf2c0560f637404c2d96164b67d9d67', time: '2015-10-09 13:08:06'
System info: host: 'FORM213', ip: '192.168.56.1', os.name: 'Windows 10', os.arch: 'amd64', os.version: '10.0', java.version: '1.8.0_152'
Driver info: driver.version: FirefoxDriver
    </div>                            
    <div class="stack"> 
        <div class="row">
    <div id="toggle0-expand" class="col-mid toggle-button">
        <a href="javascript:toggleDisplay('toggle0');"><img src="../../../public/images/expand.png"/></a>
    </div>
    <div id="toggle0-collapse" class="desktop-hidden toggle-button">
        <a href="javascript:toggleDisplay('toggle0');"><img src="../../../public/images/collapse.png"/></a>
    </div>
            <div class="col">                
                <table class="w100 striped">
                    <thead>
                        <tr class="table-header">
                            <th>Trace</th>
                        </tr>
                    </thead>
                </table>                
            </div>
        </div>
    
        <div class="script-content">
            <div id="toggle0" class="desktop-hidden small col trace">
                <pre>
                    org.openqa.selenium.WebDriverException: Failed to connect to binary FirefoxBinary(C:\Program Files\Mozilla Firefox\firefox.exe) on port 7055; process output follows: 
 Firefox\browser\features\followonsearch@mozilla.com.xpi
1533570754372	addons.xpi	DEBUG	Calling bootstrap method startup on followonsearch@mozilla.com version 0.9.7
1533570754372	addons.xpi	DEBUG	Registering manifest for C:\Program Files\Mozilla Firefox\browser\features\formautofill@mozilla.org.xpi
1533570754373	addons.xpi	DEBUG	Calling bootstrap method startup on formautofill@mozilla.org version 1.0
1533570754373	addons.xpi	DEBUG	Registering manifest for C:\Program Files\Mozilla Firefox\browser\features\onboarding@mozilla.org.xpi
1533570754374	addons.xpi	DEBUG	Calling bootstrap method startup on onboarding@mozilla.org version 1.0
1533570754374	addons.xpi	DEBUG	Registering manifest for C:\Program Files\Mozilla Firefox\browser\features\screenshots@mozilla.org.xpi
1533570754374	addons.xpi	DEBUG	Calling bootstrap method startup on screenshots@mozilla.org version 32.1.0
1533570754375	addons.xpi	DEBUG	Registering manifest for C:\Program Files\Mozilla Firefox\browser\features\webcompat-reporter@mozilla.org.xpi
1533570754375	addons.xpi	DEBUG	Calling bootstrap method startup on webcompat-reporter@mozilla.org version 1.0.0
1533570754375	addons.xpi	DEBUG	Registering manifest for C:\Program Files\Mozilla Firefox\browser\features\webcompat@mozilla.org.xpi
1533570754377	addons.xpi	DEBUG	Calling bootstrap method startup on webcompat@mozilla.org version 2.0
1533570754379	addons.manager	DEBUG	Registering shutdown blocker for XPIProvider
1533570754379	addons.manager	DEBUG	Provider finished startup: XPIProvider
1533570754379	addons.manager	DEBUG	Starting provider: LightweightThemeManager
1533570754379	addons.manager	DEBUG	Registering shutdown blocker for LightweightThemeManager
1533570754379	addons.manager	DEBUG	Provider finished startup: LightweightThemeManager
1533570754380	addons.manager	DEBUG	Starting provider: GMPProvider
1533570754382	addons.manager	DEBUG	Registering shutdown blocker for GMPProvider
1533570754383	addons.manager	DEBUG	Provider finished startup: GMPProvider
1533570754383	addons.manager	DEBUG	Starting provider: PluginProvider
1533570754383	addons.manager	DEBUG	Registering shutdown blocker for PluginProvider
1533570754383	addons.manager	DEBUG	Provider finished startup: PluginProvider
1533570754385	addons.manager	DEBUG	Completed startup sequence
Unable to read VR Path Registry from C:\Users\formation\AppData\Local\openvr\openvrpaths.vrpath
Unable to read VR Path Registry from C:\Users\formation\AppData\Local\openvr\openvrpaths.vrpath
1533570755765	addons.repository	DEBUG	No addons.json found.
Unable to read VR Path Registry from C:\Users\formation\AppData\Local\openvr\openvrpaths.vrpath
Unable to read VR Path Registry from C:\Users\formation\AppData\Local\openvr\openvrpaths.vrpath
Unable to read VR Path Registry from C:\Users\formation\AppData\Local\openvr\openvrpaths.vrpath
1533570756993	addons.xpi	DEBUG	Ignoring file entry whose name is not a valid add-on ID: C:\Users\formation\AppData\Local\Temp\anonymous211447671083864096webdriver-profile\extensions\webdriver-staging
1533570756994	addons.xpi	DEBUG	Existing add-on activity-stream@mozilla.org in app-system-defaults
1533570756994	addons.xpi	DEBUG	Existing add-on aushelper@mozilla.org in app-system-defaults
1533570756995	addons.xpi	DEBUG	Existing add-on firefox@getpocket.com in app-system-defaults
1533570756995	addons.xpi	DEBUG	Existing add-on followonsearch@mozilla.com in app-system-defaults
1533570756995	addons.xpi	DEBUG	Existing add-on formautofill@mozilla.org in app-system-defaults
1533570756995	addons.xpi	DEBUG	Existing add-on onboarding@mozilla.org in app-system-defaults
1533570756996	addons.xpi	DEBUG	Existing add-on screenshots@mozilla.org in app-system-defaults
1533570756996	addons.xpi	DEBUG	Existing add-on webcompat-reporter@mozilla.org in app-system-defaults
1533570756996	addons.xpi	DEBUG	Existing add-on webcompat@mozilla.org in app-system-defaults
1533570756997	addons.xpi	DEBUG	getInstallState changed: false, state: {}
JavaScript error: resource://gre/modules/addons/XPIProvider.jsm, line 2189: TypeError: addon is null

Build info: version: '2.48.2', revision: '41bccdd10cf2c0560f637404c2d96164b67d9d67', time: '2015-10-09 13:08:06'
System info: host: 'FORM213', ip: '192.168.56.1', os.name: 'Windows 10', os.arch: 'amd64', os.version: '10.0', java.version: '1.8.0_152'
Driver info: driver.version: FirefoxDriver
	at org.openqa.selenium.firefox.internal.NewProfileExtensionConnection.start(NewProfileExtensionConnection.java:135)
	at org.openqa.selenium.firefox.FirefoxDriver.startClient(FirefoxDriver.java:271)
	at org.openqa.selenium.remote.RemoteWebDriver.<init>(RemoteWebDriver.java:117)
	at org.openqa.selenium.firefox.FirefoxDriver.<init>(FirefoxDriver.java:216)
	at org.openqa.selenium.firefox.FirefoxDriver.<init>(FirefoxDriver.java:211)
	at org.openqa.selenium.firefox.FirefoxDriver.<init>(FirefoxDriver.java:207)
	at org.openqa.selenium.firefox.FirefoxDriver.<init>(FirefoxDriver.java:120)
	at fr.eql.autom.orangehrm.junit.UserManagementTest.connexion(UserManagementTest.java:34)
	at sun.reflect.NativeMethodAccessorImpl.invoke0(Native Method)
	at sun.reflect.NativeMethodAccessorImpl.invoke(NativeMethodAccessorImpl.java:62)
	at sun.reflect.DelegatingMethodAccessorImpl.invoke(DelegatingMethodAccessorImpl.java:43)
	at java.lang.reflect.Method.invoke(Method.java:498)
	at org.junit.runners.model.FrameworkMethod$1.runReflectiveCall(FrameworkMethod.java:50)
	at org.junit.internal.runners.model.ReflectiveCallable.run(ReflectiveCallable.java:12)
	at org.junit.runners.model.FrameworkMethod.invokeExplosively(FrameworkMethod.java:47)
	at org.junit.internal.runners.statements.RunBefores.evaluate(RunBefores.java:24)
	at org.junit.internal.runners.statements.RunAfters.evaluate(RunAfters.java:27)
	at org.junit.runners.ParentRunner.runLeaf(ParentRunner.java:325)
	at org.junit.runners.BlockJUnit4ClassRunner.runChild(BlockJUnit4ClassRunner.java:78)
	at org.junit.runners.BlockJUnit4ClassRunner.runChild(BlockJUnit4ClassRunner.java:57)
	at org.junit.runners.ParentRunner$3.run(ParentRunner.java:290)
	at org.junit.runners.ParentRunner$1.schedule(ParentRunner.java:71)
	at org.junit.runners.ParentRunner.runChildren(ParentRunner.java:288)
	at org.junit.runners.ParentRunner.access$000(ParentRunner.java:58)
	at org.junit.runners.ParentRunner$2.evaluate(ParentRunner.java:268)
	at org.junit.runners.ParentRunner.run(ParentRunner.java:363)
	at org.junit.runners.Suite.runChild(Suite.java:128)
	at org.junit.runners.Suite.runChild(Suite.java:27)
	at org.junit.runners.ParentRunner$3.run(ParentRunner.java:290)
	at org.junit.runners.ParentRunner$1.schedule(ParentRunner.java:71)
	at org.junit.runners.ParentRunner.runChildren(ParentRunner.java:288)
	at org.junit.runners.ParentRunner.access$000(ParentRunner.java:58)
	at org.junit.runners.ParentRunner$2.evaluate(ParentRunner.java:268)
	at org.junit.runners.ParentRunner.run(ParentRunner.java:363)
	at org.junit.runner.JUnitCore.run(JUnitCore.java:137)
	at org.junit.runner.JUnitCore.run(JUnitCore.java:115)
	at org.junit.runner.JUnitCore.run(JUnitCore.java:105)
	at org.junit.runner.JUnitCore.run(JUnitCore.java:94)
	at org.squashtest.ta.plugin.selenium.library.StandardJUnitExecutor.apply(StandardJUnitExecutor.java:74)
	at org.squashtest.ta.plugin.selenium.commands.ExecuteJavaSeleniumTwoCommand.apply(ExecuteJavaSeleniumTwoCommand.java:91)
	at org.squashtest.ta.plugin.selenium.commands.ExecuteJavaSeleniumTwoCommand.apply(ExecuteJavaSeleniumTwoCommand.java:1)
	at org.squashtest.ta.backbone.engine.wrapper.CommandHandler.apply(CommandHandler.java:132)
	at org.squashtest.ta.backbone.engine.instructionrunner.DefaultExecuteCommandRunner.doRun(DefaultExecuteCommandRunner.java:79)
	at org.squashtest.ta.backbone.engine.instructionrunner.AbstractDefaultInstructionRunner.run(AbstractDefaultInstructionRunner.java:69)
	at org.squashtest.ta.backbone.engine.impl.TestRunnerImpl.runInstruction(TestRunnerImpl.java:205)
	at org.squashtest.ta.backbone.engine.impl.TestRunnerImpl.runInstructionList(TestRunnerImpl.java:150)
	at org.squashtest.ta.backbone.engine.impl.TestRunnerImpl.runMetaInstruction(TestRunnerImpl.java:174)
	at org.squashtest.ta.backbone.engine.impl.TestRunnerImpl.runInstructionList(TestRunnerImpl.java:148)
	at org.squashtest.ta.backbone.engine.impl.TestRunnerImpl.runPhase(TestRunnerImpl.java:138)
	at org.squashtest.ta.backbone.engine.impl.TestRunnerImpl.runTest(TestRunnerImpl.java:109)
	at org.squashtest.ta.backbone.engine.impl.EcosystemRunnerImpl.runAllTests(EcosystemRunnerImpl.java:202)
	at org.squashtest.ta.backbone.engine.impl.EcosystemRunnerImpl.run(EcosystemRunnerImpl.java:104)
	at org.squashtest.ta.backbone.engine.impl.SuiteRunnerImpl.execute(SuiteRunnerImpl.java:68)
	at org.squashtest.ta.backbone.engine.impl.EngineImpl.execute(EngineImpl.java:63)
	at org.squashtest.ta.maven.SquashTAMojo.executeImpl(SquashTAMojo.java:309)
	at org.squashtest.ta.maven.AbstractSquashTaMojo.execution(AbstractSquashTaMojo.java:98)
	at org.squashtest.ta.maven.AbstractBaseSquashTaMojo.execute(AbstractBaseSquashTaMojo.java:150)
	at org.apache.maven.plugin.DefaultBuildPluginManager.executeMojo(DefaultBuildPluginManager.java:134)
	at org.apache.maven.lifecycle.internal.MojoExecutor.execute(MojoExecutor.java:207)
	at org.apache.maven.lifecycle.internal.MojoExecutor.execute(MojoExecutor.java:153)
	at org.apache.maven.lifecycle.internal.MojoExecutor.execute(MojoExecutor.java:145)
	at org.apache.maven.lifecycle.internal.LifecycleModuleBuilder.buildProject(LifecycleModuleBuilder.java:116)
	at org.apache.maven.lifecycle.internal.LifecycleModuleBuilder.buildProject(LifecycleModuleBuilder.java:80)
	at org.apache.maven.lifecycle.internal.builder.singlethreaded.SingleThreadedBuilder.build(SingleThreadedBuilder.java:51)
	at org.apache.maven.lifecycle.internal.LifecycleStarter.execute(LifecycleStarter.java:128)
	at org.apache.maven.DefaultMaven.doExecute(DefaultMaven.java:307)
	at org.apache.maven.DefaultMaven.doExecute(DefaultMaven.java:193)
	at org.apache.maven.DefaultMaven.execute(DefaultMaven.java:106)
	at org.apache.maven.cli.MavenCli.execute(MavenCli.java:863)
	at org.apache.maven.cli.MavenCli.doMain(MavenCli.java:288)
	at org.apache.maven.cli.MavenCli.main(MavenCli.java:199)
	at sun.reflect.NativeMethodAccessorImpl.invoke0(Native Method)
	at sun.reflect.NativeMethodAccessorImpl.invoke(NativeMethodAccessorImpl.java:62)
	at sun.reflect.DelegatingMethodAccessorImpl.invoke(DelegatingMethodAccessorImpl.java:43)
	at java.lang.reflect.Method.invoke(Method.java:498)
	at org.codehaus.plexus.classworlds.launcher.Launcher.launchEnhanced(Launcher.java:289)
	at org.codehaus.plexus.classworlds.launcher.Launcher.launch(Launcher.java:229)
	at org.codehaus.plexus.classworlds.launcher.Launcher.mainWithExitCode(Launcher.java:415)
	at org.codehaus.plexus.classworlds.launcher.Launcher.main(Launcher.java:356)
Caused by: org.openqa.selenium.firefox.NotConnectedException: Unable to connect to host 127.0.0.1 on port 7055 after 45000 ms. Firefox console output:
 Firefox\browser\features\followonsearch@mozilla.com.xpi
1533570754372	addons.xpi	DEBUG	Calling bootstrap method startup on followonsearch@mozilla.com version 0.9.7
1533570754372	addons.xpi	DEBUG	Registering manifest for C:\Program Files\Mozilla Firefox\browser\features\formautofill@mozilla.org.xpi
1533570754373	addons.xpi	DEBUG	Calling bootstrap method startup on formautofill@mozilla.org version 1.0
1533570754373	addons.xpi	DEBUG	Registering manifest for C:\Program Files\Mozilla Firefox\browser\features\onboarding@mozilla.org.xpi
1533570754374	addons.xpi	DEBUG	Calling bootstrap method startup on onboarding@mozilla.org version 1.0
1533570754374	addons.xpi	DEBUG	Registering manifest for C:\Program Files\Mozilla Firefox\browser\features\screenshots@mozilla.org.xpi
1533570754374	addons.xpi	DEBUG	Calling bootstrap method startup on screenshots@mozilla.org version 32.1.0
1533570754375	addons.xpi	DEBUG	Registering manifest for C:\Program Files\Mozilla Firefox\browser\features\webcompat-reporter@mozilla.org.xpi
1533570754375	addons.xpi	DEBUG	Calling bootstrap method startup on webcompat-reporter@mozilla.org version 1.0.0
1533570754375	addons.xpi	DEBUG	Registering manifest for C:\Program Files\Mozilla Firefox\browser\features\webcompat@mozilla.org.xpi
1533570754377	addons.xpi	DEBUG	Calling bootstrap method startup on webcompat@mozilla.org version 2.0
1533570754379	addons.manager	DEBUG	Registering shutdown blocker for XPIProvider
1533570754379	addons.manager	DEBUG	Provider finished startup: XPIProvider
1533570754379	addons.manager	DEBUG	Starting provider: LightweightThemeManager
1533570754379	addons.manager	DEBUG	Registering shutdown blocker for LightweightThemeManager
1533570754379	addons.manager	DEBUG	Provider finished startup: LightweightThemeManager
1533570754380	addons.manager	DEBUG	Starting provider: GMPProvider
1533570754382	addons.manager	DEBUG	Registering shutdown blocker for GMPProvider
1533570754383	addons.manager	DEBUG	Provider finished startup: GMPProvider
1533570754383	addons.manager	DEBUG	Starting provider: PluginProvider
1533570754383	addons.manager	DEBUG	Registering shutdown blocker for PluginProvider
1533570754383	addons.manager	DEBUG	Provider finished startup: PluginProvider
1533570754385	addons.manager	DEBUG	Completed startup sequence
Unable to read VR Path Registry from C:\Users\formation\AppData\Local\openvr\openvrpaths.vrpath
Unable to read VR Path Registry from C:\Users\formation\AppData\Local\openvr\openvrpaths.vrpath
1533570755765	addons.repository	DEBUG	No addons.json found.
Unable to read VR Path Registry from C:\Users\formation\AppData\Local\openvr\openvrpaths.vrpath
Unable to read VR Path Registry from C:\Users\formation\AppData\Local\openvr\openvrpaths.vrpath
Unable to read VR Path Registry from C:\Users\formation\AppData\Local\openvr\openvrpaths.vrpath
1533570756993	addons.xpi	DEBUG	Ignoring file entry whose name is not a valid add-on ID: C:\Users\formation\AppData\Local\Temp\anonymous211447671083864096webdriver-profile\extensions\webdriver-staging
1533570756994	addons.xpi	DEBUG	Existing add-on activity-stream@mozilla.org in app-system-defaults
1533570756994	addons.xpi	DEBUG	Existing add-on aushelper@mozilla.org in app-system-defaults
1533570756995	addons.xpi	DEBUG	Existing add-on firefox@getpocket.com in app-system-defaults
1533570756995	addons.xpi	DEBUG	Existing add-on followonsearch@mozilla.com in app-system-defaults
1533570756995	addons.xpi	DEBUG	Existing add-on formautofill@mozilla.org in app-system-defaults
1533570756995	addons.xpi	DEBUG	Existing add-on onboarding@mozilla.org in app-system-defaults
1533570756996	addons.xpi	DEBUG	Existing add-on screenshots@mozilla.org in app-system-defaults
1533570756996	addons.xpi	DEBUG	Existing add-on webcompat-reporter@mozilla.org in app-system-defaults
1533570756996	addons.xpi	DEBUG	Existing add-on webcompat@mozilla.org in app-system-defaults
1533570756997	addons.xpi	DEBUG	getInstallState changed: false, state: {}
JavaScript error: resource://gre/modules/addons/XPIProvider.jsm, line 2189: TypeError: addon is null

	at org.openqa.selenium.firefox.internal.NewProfileExtensionConnection.start(NewProfileExtensionConnection.java:123)
	... 78 more

                </pre>
            </div>
        </div>
    </div>  
                                                
                 
    <div class="script-content">
        java.lang.NullPointerException
    </div>                            
    <div class="stack"> 
        <div class="row">
    <div id="toggle1-expand" class="col-mid toggle-button">
        <a href="javascript:toggleDisplay('toggle1');"><img src="../../../public/images/expand.png"/></a>
    </div>
    <div id="toggle1-collapse" class="desktop-hidden toggle-button">
        <a href="javascript:toggleDisplay('toggle1');"><img src="../../../public/images/collapse.png"/></a>
    </div>
            <div class="col">                
                <table class="w100 striped">
                    <thead>
                        <tr class="table-header">
                            <th>Trace</th>
                        </tr>
                    </thead>
                </table>                
            </div>
        </div>
    
        <div class="script-content">
            <div id="toggle1" class="desktop-hidden small col trace">
                <pre>
                    java.lang.NullPointerException
	at fr.eql.autom.orangehrm.junit.UserManagementTest.fermertureNavigateur(UserManagementTest.java:40)
	at sun.reflect.NativeMethodAccessorImpl.invoke0(Native Method)
	at sun.reflect.NativeMethodAccessorImpl.invoke(NativeMethodAccessorImpl.java:62)
	at sun.reflect.DelegatingMethodAccessorImpl.invoke(DelegatingMethodAccessorImpl.java:43)
	at java.lang.reflect.Method.invoke(Method.java:498)
	at org.junit.runners.model.FrameworkMethod$1.runReflectiveCall(FrameworkMethod.java:50)
	at org.junit.internal.runners.model.ReflectiveCallable.run(ReflectiveCallable.java:12)
	at org.junit.runners.model.FrameworkMethod.invokeExplosively(FrameworkMethod.java:47)
	at org.junit.internal.runners.statements.RunAfters.evaluate(RunAfters.java:33)
	at org.junit.runners.ParentRunner.runLeaf(ParentRunner.java:325)
	at org.junit.runners.BlockJUnit4ClassRunner.runChild(BlockJUnit4ClassRunner.java:78)
	at org.junit.runners.BlockJUnit4ClassRunner.runChild(BlockJUnit4ClassRunner.java:57)
	at org.junit.runners.ParentRunner$3.run(ParentRunner.java:290)
	at org.junit.runners.ParentRunner$1.schedule(ParentRunner.java:71)
	at org.junit.runners.ParentRunner.runChildren(ParentRunner.java:288)
	at org.junit.runners.ParentRunner.access$000(ParentRunner.java:58)
	at org.junit.runners.ParentRunner$2.evaluate(ParentRunner.java:268)
	at org.junit.runners.ParentRunner.run(ParentRunner.java:363)
	at org.junit.runners.Suite.runChild(Suite.java:128)
	at org.junit.runners.Suite.runChild(Suite.java:27)
	at org.junit.runners.ParentRunner$3.run(ParentRunner.java:290)
	at org.junit.runners.ParentRunner$1.schedule(ParentRunner.java:71)
	at org.junit.runners.ParentRunner.runChildren(ParentRunner.java:288)
	at org.junit.runners.ParentRunner.access$000(ParentRunner.java:58)
	at org.junit.runners.ParentRunner$2.evaluate(ParentRunner.java:268)
	at org.junit.runners.ParentRunner.run(ParentRunner.java:363)
	at org.junit.runner.JUnitCore.run(JUnitCore.java:137)
	at org.junit.runner.JUnitCore.run(JUnitCore.java:115)
	at org.junit.runner.JUnitCore.run(JUnitCore.java:105)
	at org.junit.runner.JUnitCore.run(JUnitCore.java:94)
	at org.squashtest.ta.plugin.selenium.library.StandardJUnitExecutor.apply(StandardJUnitExecutor.java:74)
	at org.squashtest.ta.plugin.selenium.commands.ExecuteJavaSeleniumTwoCommand.apply(ExecuteJavaSeleniumTwoCommand.java:91)
	at org.squashtest.ta.plugin.selenium.commands.ExecuteJavaSeleniumTwoCommand.apply(ExecuteJavaSeleniumTwoCommand.java:1)
	at org.squashtest.ta.backbone.engine.wrapper.CommandHandler.apply(CommandHandler.java:132)
	at org.squashtest.ta.backbone.engine.instructionrunner.DefaultExecuteCommandRunner.doRun(DefaultExecuteCommandRunner.java:79)
	at org.squashtest.ta.backbone.engine.instructionrunner.AbstractDefaultInstructionRunner.run(AbstractDefaultInstructionRunner.java:69)
	at org.squashtest.ta.backbone.engine.impl.TestRunnerImpl.runInstruction(TestRunnerImpl.java:205)
	at org.squashtest.ta.backbone.engine.impl.TestRunnerImpl.runInstructionList(TestRunnerImpl.java:150)
	at org.squashtest.ta.backbone.engine.impl.TestRunnerImpl.runMetaInstruction(TestRunnerImpl.java:174)
	at org.squashtest.ta.backbone.engine.impl.TestRunnerImpl.runInstructionList(TestRunnerImpl.java:148)
	at org.squashtest.ta.backbone.engine.impl.TestRunnerImpl.runPhase(TestRunnerImpl.java:138)
	at org.squashtest.ta.backbone.engine.impl.TestRunnerImpl.runTest(TestRunnerImpl.java:109)
	at org.squashtest.ta.backbone.engine.impl.EcosystemRunnerImpl.runAllTests(EcosystemRunnerImpl.java:202)
	at org.squashtest.ta.backbone.engine.impl.EcosystemRunnerImpl.run(EcosystemRunnerImpl.java:104)
	at org.squashtest.ta.backbone.engine.impl.SuiteRunnerImpl.execute(SuiteRunnerImpl.java:68)
	at org.squashtest.ta.backbone.engine.impl.EngineImpl.execute(EngineImpl.java:63)
	at org.squashtest.ta.maven.SquashTAMojo.executeImpl(SquashTAMojo.java:309)
	at org.squashtest.ta.maven.AbstractSquashTaMojo.execution(AbstractSquashTaMojo.java:98)
	at org.squashtest.ta.maven.AbstractBaseSquashTaMojo.execute(AbstractBaseSquashTaMojo.java:150)
	at org.apache.maven.plugin.DefaultBuildPluginManager.executeMojo(DefaultBuildPluginManager.java:134)
	at org.apache.maven.lifecycle.internal.MojoExecutor.execute(MojoExecutor.java:207)
	at org.apache.maven.lifecycle.internal.MojoExecutor.execute(MojoExecutor.java:153)
	at org.apache.maven.lifecycle.internal.MojoExecutor.execute(MojoExecutor.java:145)
	at org.apache.maven.lifecycle.internal.LifecycleModuleBuilder.buildProject(LifecycleModuleBuilder.java:116)
	at org.apache.maven.lifecycle.internal.LifecycleModuleBuilder.buildProject(LifecycleModuleBuilder.java:80)
	at org.apache.maven.lifecycle.internal.builder.singlethreaded.SingleThreadedBuilder.build(SingleThreadedBuilder.java:51)
	at org.apache.maven.lifecycle.internal.LifecycleStarter.execute(LifecycleStarter.java:128)
	at org.apache.maven.DefaultMaven.doExecute(DefaultMaven.java:307)
	at org.apache.maven.DefaultMaven.doExecute(DefaultMaven.java:193)
	at org.apache.maven.DefaultMaven.execute(DefaultMaven.java:106)
	at org.apache.maven.cli.MavenCli.execute(MavenCli.java:863)
	at org.apache.maven.cli.MavenCli.doMain(MavenCli.java:288)
	at org.apache.maven.cli.MavenCli.main(MavenCli.java:199)
	at sun.reflect.NativeMethodAccessorImpl.invoke0(Native Method)
	at sun.reflect.NativeMethodAccessorImpl.invoke(NativeMethodAccessorImpl.java:62)
	at sun.reflect.DelegatingMethodAccessorImpl.invoke(DelegatingMethodAccessorImpl.java:43)
	at java.lang.reflect.Method.invoke(Method.java:498)
	at org.codehaus.plexus.classworlds.launcher.Launcher.launchEnhanced(Launcher.java:289)
	at org.codehaus.plexus.classworlds.launcher.Launcher.launch(Launcher.java:229)
	at org.codehaus.plexus.classworlds.launcher.Launcher.mainWithExitCode(Launcher.java:415)
	at org.codehaus.plexus.classworlds.launcher.Launcher.main(Launcher.java:356)

                </pre>
            </div>
        </div>
    </div>  
                            
 
                            </div> 
       
                </div>  
            </div>         
                  
        </div>                 
    </div> 
    
    <div class="footer txtcenter">
        <p>Generated by Squash TA&copy; on 06/08/18 17:53:18</p>
    </div>
    
</body>
</html>


